["SELECT MIN(t.title) AS movie_title FROM keyword AS k, movie_info AS mi, movie_keyword AS mk, title AS t WHERE k.keyword LIKE '%sequel%' AND mi.info IN ('Bulgaria') AND t.production_year > 2010 AND t.id = mi.movie_id AND t.id = mk.movie_id AND mk.movie_id = mi.movie_id AND k.id = mk.keyword_id", {"Plan": {"Node Type": "Aggregate", "Strategy": "Plain", "Partial Mode": "Simple", "Parallel Aware": false, "Async Capable": false, "Startup Cost": 16586.82, "Total Cost": 16586.83, "Plan Rows": 1, "Plan Width": 32, "Actual Startup Time": 2679.729, "Actual Total Time": 2679.732, "Actual Rows": 1, "Actual Loops": 1, "Plans": [{"Node Type": "Nested Loop", "Parent Relationship": "Outer", "Parallel Aware": false, "Async Capable": false, "Join Type": "Inner", "Startup Cost": 7.65, "Total Cost": 16586.81, "Plan Rows": 1, "Plan Width": 17, "Actual Startup Time": 143.319, "Actual Total Time": 2679.558, "Actual Rows": 4, "Actual Loops": 1, "Inner Unique": false, "Join Filter": "(t.id = mi.movie_id)", "Rows Removed by Join Filter": 0, "Plans": [{"Node Type": "Nested Loop", "Parent Relationship": "Outer", "Parallel Aware": false, "Async Capable": false, "Join Type": "Inner", "Startup Cost": 7.22, "Total Cost": 16500.83, "Plan Rows": 69, "Plan Width": 25, "Actual Startup Time": 42.614, "Actual Total Time": 2289.908, "Actual Rows": 405, "Actual Loops": 1, "Inner Unique": true, "Plans": [{"Node Type": "Nested Loop", "Parent Relationship": "Outer", "Parallel Aware": false, "Async Capable": false, "Join Type": "Inner", "Startup Cost": 6.79, "Total Cost": 16286.25, "Plan Rows": 438, "Plan Width": 4, "Actual Startup Time": 11.319, "Actual Total Time": 751.106, "Actual Rows": 12951, "Actual Loops": 1, "Inner Unique": false, "Plans": [{"Node Type": "Seq Scan", "Parent Relationship": "Outer", "Parallel Aware": false, "Async Capable": false, "Relation Name": "keyword", "Alias": "k", "Startup Cost": 0.0, "Total Cost": 2626.11, "Plan Rows": 13, "Plan Width": 4, "Actual Startup Time": 5.47, "Actual Total Time": 26.409, "Actual Rows": 30, "Actual Loops": 1, "Filter": "((keyword)::text ~~ '%sequel%'::text)", "Rows Removed by Filter": 134139}, {"Node Type": "Bitmap Heap Scan", "Parent Relationship": "Inner", "Parallel Aware": false, "Async Capable": false, "Relation Name": "movie_keyword", "Alias": "mk", "Startup Cost": 6.79, "Total Cost": 1047.74, "Plan Rows": 304, "Plan Width": 8, "Actual Startup Time": 0.447, "Actual Total Time": 23.991, "Actual Rows": 432, "Actual Loops": 30, "Recheck Cond": "(keyword_id = k.id)", "Rows Removed by Index Recheck": 0, "Exact Heap Blocks": 6977, "Lossy Heap Blocks": 0, "Plans": [{"Node Type": "Bitmap Index Scan", "Parent Relationship": "Outer", "Parallel Aware": false, "Async Capable": false, "Index Name": "keyword_id_movie_keyword", "Startup Cost": 0.0, "Total Cost": 6.71, "Plan Rows": 304, "Plan Width": 0, "Actual Startup Time": 0.339, "Actual Total Time": 0.339, "Actual Rows": 432, "Actual Loops": 30, "Index Cond": "(keyword_id = k.id)"}]}]}, {"Node Type": "Index Scan", "Parent Relationship": "Inner", "Parallel Aware": false, "Async Capable": false, "Scan Direction": "Forward", "Index Name": "title_pkey", "Relation Name": "title", "Alias": "t", "Startup Cost": 0.43, "Total Cost": 0.49, "Plan Rows": 1, "Plan Width": 21, "Actual Startup Time": 0.118, "Actual Total Time": 0.118, "Actual Rows": 0, "Actual Loops": 12951, "Index Cond": "(id = mk.movie_id)", "Rows Removed by Index Recheck": 0, "Filter": "(production_year > 2010)", "Rows Removed by Filter": 1}]}, {"Node Type": "Index Scan", "Parent Relationship": "Inner", "Parallel Aware": false, "Async Capable": false, "Scan Direction": "Forward", "Index Name": "movie_id_movie_info", "Relation Name": "movie_info", "Alias": "mi", "Startup Cost": 0.43, "Total Cost": 1.23, "Plan Rows": 1, "Plan Width": 4, "Actual Startup Time": 0.952, "Actual Total Time": 0.961, "Actual Rows": 0, "Actual Loops": 405, "Index Cond": "(movie_id = mk.movie_id)", "Rows Removed by Index Recheck": 0, "Filter": "((info)::text = 'Bulgaria'::text)", "Rows Removed by Filter": 49}]}]}, "Planning Time": 0.924, "Triggers": [], "Execution Time": 2680.162, "timeout": false}]
["k.keyword like '%sequel%'", 9.241906120864229]
["mi.info IN ('Bulgaria')", 10.868295900619383]
["t.production_year > 2010", 1.8481657277041634]
["select min(t.title) AS movie_title\nfrom keyword AS k\ninner join movie_keyword AS mk\non k.id = mk.keyword_id AND k.keyword like '%sequel%'\ninner join movie_info AS mi\non mk.movie_id = mi.movie_id AND mi.info IN ('Sweden',\n'Norway',\n'Germany',\n'Denmark',\n'Swedish',\n'Denish',\n'Norwegian',\n'German',\n'USA',\n'American')\ninner join title AS t\non t.id = mk.movie_id AND t.id = mi.movie_id AND t.production_year > 1990;", {"Plan": {"Node Type": "Aggregate", "Strategy": "Plain", "Partial Mode": "Simple", "Parallel Aware": false, "Async Capable": false, "Startup Cost": 16942.71, "Total Cost": 16942.72, "Plan Rows": 1, "Plan Width": 32, "Actual Startup Time": 4712.616, "Actual Total Time": 4712.618, "Actual Rows": 1, "Actual Loops": 1, "Plans": [{"Node Type": "Nested Loop", "Parent Relationship": "Outer", "Parallel Aware": false, "Async Capable": false, "Join Type": "Inner", "Startup Cost": 7.68, "Total Cost": 16942.49, "Plan Rows": 88, "Plan Width": 17, "Actual Startup Time": 143.054, "Actual Total Time": 4711.864, "Actual Rows": 1096, "Actual Loops": 1, "Inner Unique": true, "Plans": [{"Node Type": "Nested Loop", "Parent Relationship": "Outer", "Parallel Aware": false, "Async Capable": false, "Join Type": "Inner", "Startup Cost": 7.25, "Total Cost": 16880.27, "Plan Rows": 127, "Plan Width": 8, "Actual Startup Time": 117.976, "Actual Total Time": 4550.543, "Actual Rows": 2654, "Actual Loops": 1, "Inner Unique": false, "Plans": [{"Node Type": "Nested Loop", "Parent Relationship": "Outer", "Parallel Aware": false, "Async Capable": false, "Join Type": "Inner", "Startup Cost": 6.79, "Total Cost": 16286.25, "Plan Rows": 438, "Plan Width": 4, "Actual Startup Time": 7.889, "Actual Total Time": 674.679, "Actual Rows": 12951, "Actual Loops": 1, "Inner Unique": false, "Plans": [{"Node Type": "Seq Scan", "Parent Relationship": "Outer", "Parallel Aware": false, "Async Capable": false, "Relation Name": "keyword", "Alias": "k", "Startup Cost": 0.0, "Total Cost": 2626.11, "Plan Rows": 13, "Plan Width": 4, "Actual Startup Time": 4.083, "Actual Total Time": 25.215, "Actual Rows": 30, "Actual Loops": 1, "Filter": "((keyword)::text ~~ '%sequel%'::text)", "Rows Removed by Filter": 134139}, {"Node Type": "Bitmap Heap Scan", "Parent Relationship": "Inner", "Parallel Aware": false, "Async Capable": false, "Relation Name": "movie_keyword", "Alias": "mk", "Startup Cost": 6.79, "Total Cost": 1047.74, "Plan Rows": 304, "Plan Width": 8, "Actual Startup Time": 0.495, "Actual Total Time": 21.494, "Actual Rows": 432, "Actual Loops": 30, "Recheck Cond": "(keyword_id = k.id)", "Rows Removed by Index Recheck": 0, "Exact Heap Blocks": 6977, "Lossy Heap Blocks": 0, "Plans": [{"Node Type": "Bitmap Index Scan", "Parent Relationship": "Outer", "Parallel Aware": false, "Async Capable": false, "Index Name": "keyword_id_movie_keyword", "Startup Cost": 0.0, "Total Cost": 6.71, "Plan Rows": 304, "Plan Width": 0, "Actual Startup Time": 0.391, "Actual Total Time": 0.391, "Actual Rows": 432, "Actual Loops": 30, "Index Cond": "(keyword_id = k.id)"}]}]}, {"Node Type": "Index Scan", "Parent Relationship": "Inner", "Parallel Aware": false, "Async Capable": false, "Scan Direction": "Forward", "Index Name": "movie_id_movie_info", "Relation Name": "movie_info", "Alias": "mi", "Startup Cost": 0.46, "Total Cost": 1.35, "Plan Rows": 1, "Plan Width": 4, "Actual Startup Time": 0.278, "Actual Total Time": 0.298, "Actual Rows": 0, "Actual Loops": 12951, "Index Cond": "(movie_id = mk.movie_id)", "Rows Removed by Index Recheck": 0, "Filter": "((info)::text = ANY ('{Sweden,Norway,Germany,Denmark,Swedish,Denish,Norwegian,German,USA,American}'::text[]))", "Rows Removed by Filter": 25}]}, {"Node Type": "Index Scan", "Parent Relationship": "Inner", "Parallel Aware": false, "Async Capable": false, "Scan Direction": "Forward", "Index Name": "title_pkey", "Relation Name": "title", "Alias": "t", "Startup Cost": 0.43, "Total Cost": 0.49, "Plan Rows": 1, "Plan Width": 21, "Actual Startup Time": 0.06, "Actual Total Time": 0.06, "Actual Rows": 0, "Actual Loops": 2654, "Index Cond": "(id = mk.movie_id)", "Rows Removed by Index Recheck": 0, "Filter": "(production_year > 1990)", "Rows Removed by Filter": 1}]}]}, "Planning Time": 0.572, "Triggers": [], "Execution Time": 4712.689, "timeout": false}]
